=~=~=~=~=~=~=~=~=~=~=~= PuTTY log 2025.03.27 15:03:14 =~=~=~=~=~=~=~=~=~=~=~=
2,39665,57388,1000,
3,57388,75383,1000,
4,75383,93010,1000,
ets Jul 29 2019 12:21:46

rst:0x1 (POWERON_RESET),boot:0x13 (SPI_FAST_FLASH_BOOT)
configsip: 0, SPIWP:0xee
clk_drv:0x00,q_drv:0x00,d_drv:0x00,cs0_drv:0x00,hd_drv:0x00,wp_drv:0x00
mode:DIO, clock div:1
load:0x3fff0030,len:1344
load:0x40078000,len:13964
load:0x40080400,len:3600
entry 0x400805f0
Connecting to bounce back controller....
ets Jul 29 2019 12:21:46

rst:0x1 (POWERON_RESET),boot:0x13 (SPI_FAST_FLASH_BOOT)
configsip: 0, SPIWP:0xee
clk_drv:0x00,q_drv:0x00,d_drv:0x00,cs0_drv:0x00,hd_drv:0x00,wp_drv:0x00
mode:DIO, clock div:1
load:0x3fff0030,len:1344
load:0x40078000,len:13964
load:0x40080400,len:3600
entry 0x400805f0
Connecting to bounce back controller....
Connected to bounce back controller.
Device is ready for action.

id,start_time,end_time,num_of_passes,
0,5540,23318,1000,
1,23319,40927,1000,
2,40927,58820,1000,
3,58820,76817,1000,
4,76817,94693,1000,
5,94694,112617,1000,
6,112617,130748,1000,
7,130749,148742,1000,
8,148742,166490,1000,
9,166490,183916,1000,
10,183916,201742,1000,
11,201742,219883,1000,
12,219884,237571,1000,
13,237571,255507,1000,
14,255507,273396,1000,
15,273396,290996,1000,
16,290996,308725,1000,
17,308725,325482,1000,
18,325482,342488,1000,
19,342489,359396,1000,
20,359396,376192,1000,
21,376192,393087,1000,
22,393088,410190,1000,
23,410190,427181,1000,
24,427181,444036,1000,
25,444036,460792,1000,
26,460792,477902,1000,
27,477902,494970,1000,
28,494970,513138,1000,
29,513139,530963,1000,
30,530964,549186,1000,
31,549186,566671,1000,
32,566671,584240,1000,
33,584240,602355,1000,
34,602355,620053,1000,
35,620054,637691,1000,
36,637691,655011,1000,
37,655011,672395,1000,
38,672395,689997,1000,
39,689997,707277,1000,
40,707277,724811,1000,
41,724811,742120,1000,
42,742120,759536,1000,
43,759536,776573,1000,
44,776574,793721,1000,
45,793721,811092,1000,
